[2012-02-27 14-10-07] Nette\Application\BadRequestException: Cannot load presenter 'Search:Php', class 'SearchModule\PhpPresenter' was not found in 'C:\wamp\www\radiozurnal\app/SearchModule/presenters/PhpPresenter.php'. in C:\wamp\www\radiozurnal\libs\Nette\Application\Application.php:123  @  http://localhost/radiozurnal/www/search.php?term=add  @@  exception-2012-02-27-14-10-07-786daad67b6940ed267a8f50cd7f8865.html
[2012-02-27 14-57-46] Nette\MemberAccessException: Cannot write to a read-only property PlaylistPresenter::$payload. in C:\wamp\www\radiozurnal\libs\Nette\common\ObjectMixin.php:201  @  http://localhost/radiozurnal/www/?do=autocompleteSong&term=aho  @@  exception-2012-02-27-14-57-46-b68f86cdb916c6f579c833739c15a54f.html
[2012-02-27 14-57-47] Nette\MemberAccessException: Cannot write to a read-only property PlaylistPresenter::$payload. in C:\wamp\www\radiozurnal\libs\Nette\common\ObjectMixin.php:201  @  http://localhost/radiozurnal/www/?do=autocompleteSong&term=ahoj  @@  exception-2012-02-27-14-57-47-741e2de335db6da5bde0bafa355ce61a.html
[2012-02-27 15-00-35] Fatal error: Class 'Nette\String' not found in C:\wamp\www\radiozurnal\app\presenters\PlaylistPresenter.php:91  @  http://localhost/radiozurnal/www/?do=autocompleteSong&term=jas  @@  exception-2012-02-27-15-00-35-bd535c01322ae75a592099e9721f1add.html
[2012-02-27 15-00-36] Fatal error: Class 'Nette\String' not found in C:\wamp\www\radiozurnal\app\presenters\PlaylistPresenter.php:91  @  http://localhost/radiozurnal/www/?do=autocompleteSong&term=jasn  @@  exception-2012-02-27-15-00-35-bd535c01322ae75a592099e9721f1add.html
[2012-02-27 15-20-10] Nette\MemberAccessException: Cannot write to a read-only property PlaylistPresenter::$payload. in C:\wamp\www\radiozurnal\libs\Nette\common\ObjectMixin.php:201  @  http://localhost/radiozurnal/www/?do=autocompleteInterpret&term=oly  @@  exception-2012-02-27-15-20-10-ee7506aa759df4f76f99a812a8420e7b.html
[2012-02-27 15-20-22] Nette\MemberAccessException: Cannot write to a read-only property PlaylistPresenter::$payload. in C:\wamp\www\radiozurnal\libs\Nette\common\ObjectMixin.php:201  @  http://localhost/radiozurnal/www/?do=autocompleteInterpret&term=Ol  @@  exception-2012-02-27-15-20-22-50e6df160111d876312c0a2e5a4fa614.html
[2012-02-27 15-20-23] Nette\MemberAccessException: Cannot write to a read-only property PlaylistPresenter::$payload. in C:\wamp\www\radiozurnal\libs\Nette\common\ObjectMixin.php:201  @  http://localhost/radiozurnal/www/?do=autocompleteInterpret&term=Oly  @@  exception-2012-02-27-15-20-23-9c77fd3ab27792d18aa9fe8591d432a4.html
[2012-02-27 15-20-24] Nette\MemberAccessException: Cannot write to a read-only property PlaylistPresenter::$payload. in C:\wamp\www\radiozurnal\libs\Nette\common\ObjectMixin.php:201  @  http://localhost/radiozurnal/www/?do=autocompleteInterpret&term=Olym  @@  exception-2012-02-27-15-20-24-21654ddc4d4f24d492ab57fb2b30a3cb.html
[2012-02-27 15-21-58] PDOException: SQLSTATE[42000]: Syntax error or access violation: 1064 You have an error in your SQL syntax; check the manual that corresponds to your MySQL server version for the right syntax to use near '%`s` = '%Olym%')' at line 1 in C:\wamp\www\radiozurnal\libs\Nette\Database\Statement.php:76  @  http://localhost/radiozurnal/www/?do=autocompleteInterpret&term=Olym  @@  exception-2012-02-27-15-21-58-00a60d80b778128be3190bee28f864c9.html
[2012-02-27 15-52-04] ReflectionException: Class string does not exist in C:\wamp\www\radiozurnal\libs\Nette\Reflection\Parameter.php:53  @  http://localhost/radiozurnal/www/?do=autocompleteSong&term=Dyn  @@  exception-2012-02-27-15-52-04-ebbd8ca0b66ab7e7e7e6d10312e91fd9.html
[2012-02-27 15-52-05] ReflectionException: Class string does not exist in C:\wamp\www\radiozurnal\libs\Nette\Reflection\Parameter.php:53  @  http://localhost/radiozurnal/www/?do=autocompleteSong&term=Dyna  @@  exception-2012-02-27-15-52-04-ebbd8ca0b66ab7e7e7e6d10312e91fd9.html
[2012-02-27 15-52-06] ReflectionException: Class string does not exist in C:\wamp\www\radiozurnal\libs\Nette\Reflection\Parameter.php:53  @  http://localhost/radiozurnal/www/?do=autocompleteSong&term=Dynamit  @@  exception-2012-02-27-15-52-04-ebbd8ca0b66ab7e7e7e6d10312e91fd9.html
[2012-02-27 15-53-06] ReflectionException: Class string does not exist in C:\wamp\www\radiozurnal\libs\Nette\Reflection\Parameter.php:53  @  http://localhost/radiozurnal/www/?do=autocompleteSong&term=Dy  @@  exception-2012-02-27-15-52-04-ebbd8ca0b66ab7e7e7e6d10312e91fd9.html
[2012-02-27 15-53-07] ReflectionException: Class string does not exist in C:\wamp\www\radiozurnal\libs\Nette\Reflection\Parameter.php:53  @  http://localhost/radiozurnal/www/?do=autocompleteSong&term=Dyn  @@  exception-2012-02-27-15-52-04-ebbd8ca0b66ab7e7e7e6d10312e91fd9.html
[2012-02-27 15-53-10] ReflectionException: Class string does not exist in C:\wamp\www\radiozurnal\libs\Nette\Reflection\Parameter.php:53  @  http://localhost/radiozurnal/www/?do=autocompleteSong&term=Dina  @@  exception-2012-02-27-15-52-04-ebbd8ca0b66ab7e7e7e6d10312e91fd9.html
[2012-02-27 15-53-47] ReflectionException: Class string does not exist in C:\wamp\www\radiozurnal\libs\Nette\Reflection\Parameter.php:53  @  http://localhost/radiozurnal/www/?do=autocompleteSong&term=Jas  @@  exception-2012-02-27-15-52-04-ebbd8ca0b66ab7e7e7e6d10312e91fd9.html
[2012-02-27 15-53-48] ReflectionException: Class string does not exist in C:\wamp\www\radiozurnal\libs\Nette\Reflection\Parameter.php:53  @  http://localhost/radiozurnal/www/?do=autocompleteSong&term=Jasn  @@  exception-2012-02-27-15-52-04-ebbd8ca0b66ab7e7e7e6d10312e91fd9.html
[2012-02-27 15-54-59] ReflectionException: Class string does not exist in C:\wamp\www\radiozurnal\libs\Nette\Reflection\Parameter.php:53  @  http://localhost/radiozurnal/www/?do=autocompleteSong&term=Jasn%C3%A1  @@  exception-2012-02-27-15-52-04-ebbd8ca0b66ab7e7e7e6d10312e91fd9.html
[2012-02-27 15-55-00] ReflectionException: Class string does not exist in C:\wamp\www\radiozurnal\libs\Nette\Reflection\Parameter.php:53  @  http://localhost/radiozurnal/www/?do=autocompleteSong&term=Jasn%C3%A1+zp  @@  exception-2012-02-27-15-52-04-ebbd8ca0b66ab7e7e7e6d10312e91fd9.html
[2012-02-27 15-55-01] ReflectionException: Class string does not exist in C:\wamp\www\radiozurnal\libs\Nette\Reflection\Parameter.php:53  @  http://localhost/radiozurnal/www/?do=autocompleteSong&term=Jasn%C3%A1+zppr%C3%A1va  @@  exception-2012-02-27-15-52-04-ebbd8ca0b66ab7e7e7e6d10312e91fd9.html
[2012-02-27 15-55-28] ReflectionException: Class string does not exist in C:\wamp\www\radiozurnal\libs\Nette\Reflection\Parameter.php:53  @  http://localhost/radiozurnal/www/?do=autocompleteSong&term=Jasn  @@  exception-2012-02-27-15-52-04-ebbd8ca0b66ab7e7e7e6d10312e91fd9.html
[2012-02-27 15-55-57] ReflectionException: Class string does not exist in C:\wamp\www\radiozurnal\libs\Nette\Reflection\Parameter.php:53  @  http://localhost/radiozurnal/www/?do=autocompleteSong&term=Jasn  @@  exception-2012-02-27-15-52-04-ebbd8ca0b66ab7e7e7e6d10312e91fd9.html
[2012-02-27 15-56-12] ReflectionException: Class string does not exist in C:\wamp\www\radiozurnal\libs\Nette\Reflection\Parameter.php:53  @  http://localhost/radiozurnal/www/?do=autocompleteSong&term=Jas  @@  exception-2012-02-27-15-52-04-ebbd8ca0b66ab7e7e7e6d10312e91fd9.html
[2012-02-27 15-56-14] ReflectionException: Class string does not exist in C:\wamp\www\radiozurnal\libs\Nette\Reflection\Parameter.php:53  @  http://localhost/radiozurnal/www/?do=autocompleteSong&term=Jasn  @@  exception-2012-02-27-15-52-04-ebbd8ca0b66ab7e7e7e6d10312e91fd9.html
[2012-02-27 15-57-41] ReflectionException: Class string does not exist in C:\wamp\www\radiozurnal\libs\Nette\Reflection\Parameter.php:53  @  http://localhost/radiozurnal/www/?do=autocompleteSong&term=Jas  @@  exception-2012-02-27-15-52-04-ebbd8ca0b66ab7e7e7e6d10312e91fd9.html
[2012-02-27 15-57-41] ReflectionException: Class string does not exist in C:\wamp\www\radiozurnal\libs\Nette\Reflection\Parameter.php:53  @  http://localhost/radiozurnal/www/?do=autocompleteSong&term=Jasn  @@  exception-2012-02-27-15-52-04-ebbd8ca0b66ab7e7e7e6d10312e91fd9.html
[2012-02-27 15-58-09] ReflectionException: Class string does not exist in C:\wamp\www\radiozurnal\libs\Nette\Reflection\Parameter.php:53  @  http://localhost/radiozurnal/www/?do=autocompleteSong&term=Ol  @@  exception-2012-02-27-15-52-04-ebbd8ca0b66ab7e7e7e6d10312e91fd9.html
[2012-02-27 15-58-10] ReflectionException: Class string does not exist in C:\wamp\www\radiozurnal\libs\Nette\Reflection\Parameter.php:53  @  http://localhost/radiozurnal/www/?do=autocompleteSong&term=Olk  @@  exception-2012-02-27-15-52-04-ebbd8ca0b66ab7e7e7e6d10312e91fd9.html
[2012-02-27 15-58-11] ReflectionException: Class string does not exist in C:\wamp\www\radiozurnal\libs\Nette\Reflection\Parameter.php:53  @  http://localhost/radiozurnal/www/?do=autocompleteSong&term=Olkj  @@  exception-2012-02-27-15-52-04-ebbd8ca0b66ab7e7e7e6d10312e91fd9.html
[2012-02-27 15-58-15] ReflectionException: Class string does not exist in C:\wamp\www\radiozurnal\libs\Nette\Reflection\Parameter.php:53  @  http://localhost/radiozurnal/www/?do=autocompleteSong&term=Jas  @@  exception-2012-02-27-15-52-04-ebbd8ca0b66ab7e7e7e6d10312e91fd9.html
[2012-02-27 15-58-17] ReflectionException: Class string does not exist in C:\wamp\www\radiozurnal\libs\Nette\Reflection\Parameter.php:53  @  http://localhost/radiozurnal/www/?do=autocompleteSong&term=Jasn%C3%A1  @@  exception-2012-02-27-15-52-04-ebbd8ca0b66ab7e7e7e6d10312e91fd9.html
[2012-02-27 15-59-46] ReflectionException: Class string does not exist in C:\wamp\www\radiozurnal\libs\Nette\Reflection\Parameter.php:53  @  http://localhost/radiozurnal/www/?do=autocompleteSong&term=Jasn  @@  exception-2012-02-27-15-52-04-ebbd8ca0b66ab7e7e7e6d10312e91fd9.html
[2012-02-28 21-56-13] Nette\DI\MissingServiceException: Service 'playlist' not found. in C:\wamp\www\radiozurnal\libs\Nette\DI\Container.php:159  @  http://localhost/radiozurnal/www/?keyword=Klus&do=searchForm-submit  @@  exception-2012-02-28-21-56-13-69c94eec789369a588957d9a2e48987c.html
[2012-02-28 22-11-33] Fatal error: Class 'Nette\Database' not found in C:\wamp\www\radiozurnal\app\models\Playlist.php:26  @  http://localhost/radiozurnal/www/?keyword=klus&do=searchForm-submit  @@  exception-2012-02-28-22-11-33-24b5cc1011bda3aa4ebe6644374307f8.html
[2012-02-28 22-11-36] Fatal error: Class 'Nette\Database' not found in C:\wamp\www\radiozurnal\app\models\Playlist.php:26  @  http://localhost/radiozurnal/www/?keyword=Pra&do=searchForm-submit  @@  exception-2012-02-28-22-11-33-24b5cc1011bda3aa4ebe6644374307f8.html
[2012-02-28 22-11-40] Fatal error: Class 'Nette\Database' not found in C:\wamp\www\radiozurnal\app\models\Playlist.php:26  @  http://localhost/radiozurnal/www/?keyword=Oly&do=searchForm-submit  @@  exception-2012-02-28-22-11-33-24b5cc1011bda3aa4ebe6644374307f8.html
[2012-02-28 22-11-44] Fatal error: Class 'Nette\Database' not found in C:\wamp\www\radiozurnal\app\models\Playlist.php:26  @  http://localhost/radiozurnal/www/?keyword=Queen&do=searchForm-submit  @@  exception-2012-02-28-22-11-33-24b5cc1011bda3aa4ebe6644374307f8.html
[2012-02-28 22-13-33] Fatal error: Class 'Nette\Database' not found in C:\wamp\www\radiozurnal\app\models\Playlist.php:27  @  http://localhost/radiozurnal/www/?keyword=Queen&do=searchForm-submit  @@  exception-2012-02-28-22-13-33-89fccc025bb5fd44a9f0e0cedda7d2ae.html
[2012-02-28 22-13-40] Fatal error: Class 'Nette\Database' not found in C:\wamp\www\radiozurnal\app\models\Playlist.php:27  @  http://localhost/radiozurnal/www/?keyword=Queen&do=searchForm-submit  @@  exception-2012-02-28-22-13-33-89fccc025bb5fd44a9f0e0cedda7d2ae.html
[2012-02-28 23-09-35] Fatal error: Call to a member function where() on a non-object in C:\wamp\www\radiozurnal\app\presenters\PlaylistPresenter.php:131  @  http://localhost/radiozurnal/www/?do=autocompleteInterpret&term=Olym  @@  exception-2012-02-28-23-09-35-5df6d986ba30d5605912d2e0e444c088.html
[2012-02-28 23-09-36] Fatal error: Call to a member function where() on a non-object in C:\wamp\www\radiozurnal\app\presenters\PlaylistPresenter.php:131  @  http://localhost/radiozurnal/www/?do=autocompleteInterpret&term=Olymi  @@  exception-2012-02-28-23-09-35-5df6d986ba30d5605912d2e0e444c088.html
[2012-02-29 12-08-36] Nette\Application\BadRequestException: Page not found. Missing template '…\wamp\www\radiozurnal\app\templates\Playlist\delete.latte'. in C:\wamp\www\radiozurnal\libs\Nette\Application\UI\Presenter.php:707  @  http://localhost/radiozurnal/www/playlist/delete?data=4-4  @@  exception-2012-02-29-12-08-36-4b83a992c7511a242fb4199eadd82731.html
[2012-02-29 12-08-48] Nette\Application\BadRequestException: Page not found. Missing template '…\wamp\www\radiozurnal\app\templates\Playlist\delete.latte'. in C:\wamp\www\radiozurnal\libs\Nette\Application\UI\Presenter.php:707  @  http://localhost/radiozurnal/www/playlist/delete?data=4-4  @@  exception-2012-02-29-12-08-36-4b83a992c7511a242fb4199eadd82731.html
[2012-02-29 12-09-58] Nette\Application\BadRequestException: Page not found. Missing template '…\wamp\www\radiozurnal\app\templates\Playlist\delete.latte'. in C:\wamp\www\radiozurnal\libs\Nette\Application\UI\Presenter.php:707  @  http://localhost/radiozurnal/www/playlist/delete?data=4-4  @@  exception-2012-02-29-12-08-36-4b83a992c7511a242fb4199eadd82731.html
[2012-02-29 15-15-09] Fatal error: Undefined variable: is in C:\wamp\www\radiozurnal\app\presenters\PlaylistPresenter.php:36  @  http://localhost/radiozurnal/www/?data=4-4&do=delete  @@  exception-2012-02-29-15-15-09-4968814cef9e4b4a08dc58834379ec56.html
[2012-02-29 15-15-30] Fatal error: Undefined variable: is in C:\wamp\www\radiozurnal\app\presenters\PlaylistPresenter.php:36  @  http://localhost/radiozurnal/www/?data=4-4&do=delete  @@  exception-2012-02-29-15-15-09-4968814cef9e4b4a08dc58834379ec56.html
[2012-02-29 15-16-03] Fatal error: Undefined variable: is in C:\wamp\www\radiozurnal\app\presenters\PlaylistPresenter.php:40  @  http://localhost/radiozurnal/www/?data=4-4&do=delete  @@  exception-2012-02-29-15-16-03-be7cedf6f1a85d75bb5539447510a341.html
[2012-02-29 15-16-04] Fatal error: Undefined variable: is in C:\wamp\www\radiozurnal\app\presenters\PlaylistPresenter.php:40  @  http://localhost/radiozurnal/www/?data=4-4&do=delete  @@  exception-2012-02-29-15-16-03-be7cedf6f1a85d75bb5539447510a341.html
[2012-02-29 15-16-07] Fatal error: Undefined variable: is in C:\wamp\www\radiozurnal\app\presenters\PlaylistPresenter.php:40  @  http://localhost/radiozurnal/www/?data=4-4&do=delete  @@  exception-2012-02-29-15-16-03-be7cedf6f1a85d75bb5539447510a341.html
[2012-02-29 15-16-09] Fatal error: Undefined variable: is in C:\wamp\www\radiozurnal\app\presenters\PlaylistPresenter.php:40  @  http://localhost/radiozurnal/www/?data=4-4&do=delete  @@  exception-2012-02-29-15-16-03-be7cedf6f1a85d75bb5539447510a341.html
[2012-02-29 15-16-45] Fatal error: Undefined variable: is in C:\wamp\www\radiozurnal\app\presenters\PlaylistPresenter.php:40  @  http://localhost/radiozurnal/www/?data=4-4&do=delete  @@  exception-2012-02-29-15-16-03-be7cedf6f1a85d75bb5539447510a341.html
[2012-02-29 15-23-58] Fatal error: Undefined variable: is in C:\wamp\www\radiozurnal\app\presenters\PlaylistPresenter.php:40  @  http://localhost/radiozurnal/www/?data=3-2&do=delete  @@  exception-2012-02-29-15-23-58-50d6ae6ddcbe8ebcc63b23c92b46316a.html
[2012-03-01 15-13-55] Fatal error: strpos(): Empty delimiter in C:\wamp\www\radiozurnal\libs\Nette\Database\Reflection\DiscoveredReflection.php:128  @  http://localhost/radiozurnal/www/?data=1-2&do=playNow  @@  exception-2012-03-01-15-13-55-772c84d58c0b8287362aafd45b5d7a6b.html
[2012-03-01 15-14-25] Fatal error: strpos(): Empty delimiter in C:\wamp\www\radiozurnal\libs\Nette\Database\Reflection\DiscoveredReflection.php:128  @  http://localhost/radiozurnal/www/?data=1-2&do=playNow  @@  exception-2012-03-01-15-14-25-d82b541c99104b077b0c8296e4f2d2a8.html
